<?xml version="1.0" encoding="UTF-8"?>
<!-- Generated by org.testng.reporters.JUnitReportReporter -->
<testsuite hostname="LAPTOP-LST6PUGS" failures="0" tests="2" name="com.learnautomation.testcases.TestCaseWithFramework" time="6.226" errors="0" timestamp="2025-09-07T23:53:17 IST" skipped="0">
  <testcase classname="com.learnautomation.testcases.TestCaseWithFramework" name="test1" time="6.004"/>
  <testcase classname="com.learnautomation.testcases.TestCaseWithFramework" name="test2" time="0.222"/>
  <system-out>
    <![CDATA[Setting up reports and Test is getting ready
Settings Done-Test can be started
trying to start Browser and getting application ready
Browser and application up and running
Test is about to end
Test Completed >>> Reports generated
Test is about to end
Test Completed >>> Reports generated]]>
  </system-out>
</testsuite> <!-- com.learnautomation.testcases.TestCaseWithFramework -->
